<?xml version="1.0" encoding="UTF-8"?>
<!-- Generated by org.testng.reporters.JUnitReportReporter -->
<testsuite skipped="0" hostname="BM1MC97Y2" name="com.mystoreapp.test.AppFlow_Scenario1Test" tests="1" failures="0" timestamp="12 Oct 2020 13:48:57 GMT" time="22.254" errors="0">
  <testcase name="verifyScenario1Test" time="22.254" classname="com.mystoreapp.test.AppFlow_Scenario1Test"/>
</testsuite> <!-- com.mystoreapp.test.AppFlow_Scenario1Test -->
